c:\users\b.roessig\documents\ultra engine\projects\klwidgets_sandbox\libs\win64\scintilla_d.bsc
c:\users\b.roessig\documents\ultra engine\projects\klwidgets\scintilla\scintilla\win32\intermediates\x64\debug\calltip.sbr
c:\users\b.roessig\documents\ultra engine\projects\klwidgets\scintilla\scintilla\win32\intermediates\x64\debug\calltip.obj
c:\users\b.roessig\documents\ultra engine\projects\klwidgets\scintilla\scintilla\win32\intermediates\x64\debug\editview.sbr
c:\users\b.roessig\documents\ultra engine\projects\klwidgets\scintilla\scintilla\win32\intermediates\x64\debug\editview.obj
c:\users\b.roessig\documents\ultra engine\projects\klwidgets\scintilla\scintilla\win32\intermediates\x64\debug\runstyles.sbr
c:\users\b.roessig\documents\ultra engine\projects\klwidgets\scintilla\scintilla\win32\intermediates\x64\debug\runstyles.obj
c:\users\b.roessig\documents\ultra engine\projects\klwidgets\scintilla\scintilla\win32\intermediates\x64\debug\xpm.sbr
c:\users\b.roessig\documents\ultra engine\projects\klwidgets\scintilla\scintilla\win32\intermediates\x64\debug\xpm.obj
c:\users\b.roessig\documents\ultra engine\projects\klwidgets\scintilla\scintilla\win32\intermediates\x64\debug\casefolder.sbr
c:\users\b.roessig\documents\ultra engine\projects\klwidgets\scintilla\scintilla\win32\intermediates\x64\debug\casefolder.obj
c:\users\b.roessig\documents\ultra engine\projects\klwidgets\scintilla\scintilla\win32\intermediates\x64\debug\editor.sbr
c:\users\b.roessig\documents\ultra engine\projects\klwidgets\scintilla\scintilla\win32\intermediates\x64\debug\editor.obj
c:\users\b.roessig\documents\ultra engine\projects\klwidgets\scintilla\scintilla\win32\intermediates\x64\debug\scintillabase.sbr
c:\users\b.roessig\documents\ultra engine\projects\klwidgets\scintilla\scintilla\win32\intermediates\x64\debug\scintillabase.obj
c:\users\b.roessig\documents\ultra engine\projects\klwidgets\scintilla\scintilla\win32\intermediates\x64\debug\scintilladll.sbr
c:\users\b.roessig\documents\ultra engine\projects\klwidgets\scintilla\scintilla\win32\intermediates\x64\debug\scintilladll.obj
c:\users\b.roessig\documents\ultra engine\projects\klwidgets\scintilla\scintilla\win32\intermediates\x64\debug\cellbuffer.sbr
c:\users\b.roessig\documents\ultra engine\projects\klwidgets\scintilla\scintilla\win32\intermediates\x64\debug\cellbuffer.obj
c:\users\b.roessig\documents\ultra engine\projects\klwidgets\scintilla\scintilla\win32\intermediates\x64\debug\indicator.sbr
c:\users\b.roessig\documents\ultra engine\projects\klwidgets\scintilla\scintilla\win32\intermediates\x64\debug\indicator.obj
c:\users\b.roessig\documents\ultra engine\projects\klwidgets\scintilla\scintilla\win32\intermediates\x64\debug\positioncache.sbr
c:\users\b.roessig\documents\ultra engine\projects\klwidgets\scintilla\scintilla\win32\intermediates\x64\debug\positioncache.obj
c:\users\b.roessig\documents\ultra engine\projects\klwidgets\scintilla\scintilla\win32\intermediates\x64\debug\platwin.sbr
c:\users\b.roessig\documents\ultra engine\projects\klwidgets\scintilla\scintilla\win32\intermediates\x64\debug\platwin.obj
c:\users\b.roessig\documents\ultra engine\projects\klwidgets\scintilla\scintilla\win32\intermediates\x64\debug\charclassify.sbr
c:\users\b.roessig\documents\ultra engine\projects\klwidgets\scintilla\scintilla\win32\intermediates\x64\debug\charclassify.obj
c:\users\b.roessig\documents\ultra engine\projects\klwidgets\scintilla\scintilla\win32\intermediates\x64\debug\decoration.sbr
c:\users\b.roessig\documents\ultra engine\projects\klwidgets\scintilla\scintilla\win32\intermediates\x64\debug\decoration.obj
c:\users\b.roessig\documents\ultra engine\projects\klwidgets\scintilla\scintilla\win32\intermediates\x64\debug\marginview.sbr
c:\users\b.roessig\documents\ultra engine\projects\klwidgets\scintilla\scintilla\win32\intermediates\x64\debug\marginview.obj
c:\users\b.roessig\documents\ultra engine\projects\klwidgets\scintilla\scintilla\win32\intermediates\x64\debug\viewstyle.sbr
c:\users\b.roessig\documents\ultra engine\projects\klwidgets\scintilla\scintilla\win32\intermediates\x64\debug\viewstyle.obj
c:\users\b.roessig\documents\ultra engine\projects\klwidgets\scintilla\scintilla\win32\intermediates\x64\debug\charactercategory.sbr
c:\users\b.roessig\documents\ultra engine\projects\klwidgets\scintilla\scintilla\win32\intermediates\x64\debug\charactercategory.obj
c:\users\b.roessig\documents\ultra engine\projects\klwidgets\scintilla\scintilla\win32\intermediates\x64\debug\dbcs.sbr
c:\users\b.roessig\documents\ultra engine\projects\klwidgets\scintilla\scintilla\win32\intermediates\x64\debug\dbcs.obj
c:\users\b.roessig\documents\ultra engine\projects\klwidgets\scintilla\scintilla\win32\intermediates\x64\debug\editmodel.sbr
c:\users\b.roessig\documents\ultra engine\projects\klwidgets\scintilla\scintilla\win32\intermediates\x64\debug\editmodel.obj
c:\users\b.roessig\documents\ultra engine\projects\klwidgets\scintilla\scintilla\win32\intermediates\x64\debug\perline.sbr
c:\users\b.roessig\documents\ultra engine\projects\klwidgets\scintilla\scintilla\win32\intermediates\x64\debug\perline.obj
c:\users\b.roessig\documents\ultra engine\projects\klwidgets\scintilla\scintilla\win32\intermediates\x64\debug\uniconversion.sbr
c:\users\b.roessig\documents\ultra engine\projects\klwidgets\scintilla\scintilla\win32\intermediates\x64\debug\uniconversion.obj
c:\users\b.roessig\documents\ultra engine\projects\klwidgets\scintilla\scintilla\win32\intermediates\x64\debug\characterset.sbr
c:\users\b.roessig\documents\ultra engine\projects\klwidgets\scintilla\scintilla\win32\intermediates\x64\debug\characterset.obj
c:\users\b.roessig\documents\ultra engine\projects\klwidgets\scintilla\scintilla\win32\intermediates\x64\debug\contractionstate.sbr
c:\users\b.roessig\documents\ultra engine\projects\klwidgets\scintilla\scintilla\win32\intermediates\x64\debug\contractionstate.obj
c:\users\b.roessig\documents\ultra engine\projects\klwidgets\scintilla\scintilla\win32\intermediates\x64\debug\keymap.sbr
c:\users\b.roessig\documents\ultra engine\projects\klwidgets\scintilla\scintilla\win32\intermediates\x64\debug\keymap.obj
c:\users\b.roessig\documents\ultra engine\projects\klwidgets\scintilla\scintilla\win32\intermediates\x64\debug\research.sbr
c:\users\b.roessig\documents\ultra engine\projects\klwidgets\scintilla\scintilla\win32\intermediates\x64\debug\research.obj
c:\users\b.roessig\documents\ultra engine\projects\klwidgets\scintilla\scintilla\win32\intermediates\x64\debug\uniquestring.sbr
c:\users\b.roessig\documents\ultra engine\projects\klwidgets\scintilla\scintilla\win32\intermediates\x64\debug\uniquestring.obj
c:\users\b.roessig\documents\ultra engine\projects\klwidgets\scintilla\scintilla\win32\intermediates\x64\debug\autocomplete.sbr
c:\users\b.roessig\documents\ultra engine\projects\klwidgets\scintilla\scintilla\win32\intermediates\x64\debug\autocomplete.obj
c:\users\b.roessig\documents\ultra engine\projects\klwidgets\scintilla\scintilla\win32\intermediates\x64\debug\geometry.sbr
c:\users\b.roessig\documents\ultra engine\projects\klwidgets\scintilla\scintilla\win32\intermediates\x64\debug\geometry.obj
c:\users\b.roessig\documents\ultra engine\projects\klwidgets\scintilla\scintilla\win32\intermediates\x64\debug\linemarker.sbr
c:\users\b.roessig\documents\ultra engine\projects\klwidgets\scintilla\scintilla\win32\intermediates\x64\debug\linemarker.obj
c:\users\b.roessig\documents\ultra engine\projects\klwidgets\scintilla\scintilla\win32\intermediates\x64\debug\style.sbr
c:\users\b.roessig\documents\ultra engine\projects\klwidgets\scintilla\scintilla\win32\intermediates\x64\debug\style.obj
c:\users\b.roessig\documents\ultra engine\projects\klwidgets\scintilla\scintilla\win32\intermediates\x64\debug\scintillawin.sbr
c:\users\b.roessig\documents\ultra engine\projects\klwidgets\scintilla\scintilla\win32\intermediates\x64\debug\scintillawin.obj
c:\users\b.roessig\documents\ultra engine\projects\klwidgets\scintilla\scintilla\win32\intermediates\x64\debug\caseconvert.sbr
c:\users\b.roessig\documents\ultra engine\projects\klwidgets\scintilla\scintilla\win32\intermediates\x64\debug\caseconvert.obj
c:\users\b.roessig\documents\ultra engine\projects\klwidgets\scintilla\scintilla\win32\intermediates\x64\debug\document.sbr
c:\users\b.roessig\documents\ultra engine\projects\klwidgets\scintilla\scintilla\win32\intermediates\x64\debug\document.obj
c:\users\b.roessig\documents\ultra engine\projects\klwidgets\scintilla\scintilla\win32\intermediates\x64\debug\selection.sbr
c:\users\b.roessig\documents\ultra engine\projects\klwidgets\scintilla\scintilla\win32\intermediates\x64\debug\selection.obj
c:\users\b.roessig\documents\ultra engine\projects\klwidgets\scintilla\scintilla\win32\intermediates\x64\debug\hanjadic.sbr
c:\users\b.roessig\documents\ultra engine\projects\klwidgets\scintilla\scintilla\win32\intermediates\x64\debug\hanjadic.obj
c:\users\b.roessig\documents\ultra engine\projects\klwidgets_sandbox\libs\win64\scintilla_d.pdb
c:\users\b.roessig\documents\ultra engine\projects\klwidgets_sandbox\libs\win64\scintilla_d.lib
c:\users\b.roessig\documents\ultra engine\projects\klwidgets\scintilla\scintilla\win32\intermediates\x64\debug\scintres.res
c:\users\b.roessig\documents\ultra engine\projects\klwidgets_sandbox\\libs\win64\scintilla_d.pdb
c:\users\b.roessig\documents\ultra engine\projects\klwidgets_sandbox\\libs\win64\scintilla_d.bsc
c:\users\b.roessig\documents\ultra engine\projects\klwidgets\scintilla\scintilla\win32\intermediates\x64\debug\scintilla.tlog\bscmake.command.1.tlog
c:\users\b.roessig\documents\ultra engine\projects\klwidgets\scintilla\scintilla\win32\intermediates\x64\debug\scintilla.tlog\bscmake.read.1.tlog
c:\users\b.roessig\documents\ultra engine\projects\klwidgets\scintilla\scintilla\win32\intermediates\x64\debug\scintilla.tlog\bscmake.write.1.tlog
c:\users\b.roessig\documents\ultra engine\projects\klwidgets\scintilla\scintilla\win32\intermediates\x64\debug\scintilla.tlog\cl.command.1.tlog
c:\users\b.roessig\documents\ultra engine\projects\klwidgets\scintilla\scintilla\win32\intermediates\x64\debug\scintilla.tlog\cl.read.1.tlog
c:\users\b.roessig\documents\ultra engine\projects\klwidgets\scintilla\scintilla\win32\intermediates\x64\debug\scintilla.tlog\cl.write.1.tlog
c:\users\b.roessig\documents\ultra engine\projects\klwidgets\scintilla\scintilla\win32\intermediates\x64\debug\scintilla.tlog\lib-link-cvtres.read.1.tlog
c:\users\b.roessig\documents\ultra engine\projects\klwidgets\scintilla\scintilla\win32\intermediates\x64\debug\scintilla.tlog\lib-link-cvtres.write.1.tlog
c:\users\b.roessig\documents\ultra engine\projects\klwidgets\scintilla\scintilla\win32\intermediates\x64\debug\scintilla.tlog\lib.command.1.tlog
c:\users\b.roessig\documents\ultra engine\projects\klwidgets\scintilla\scintilla\win32\intermediates\x64\debug\scintilla.tlog\rc.command.1.tlog
c:\users\b.roessig\documents\ultra engine\projects\klwidgets\scintilla\scintilla\win32\intermediates\x64\debug\scintilla.tlog\rc.read.1.tlog
c:\users\b.roessig\documents\ultra engine\projects\klwidgets\scintilla\scintilla\win32\intermediates\x64\debug\scintilla.tlog\rc.write.1.tlog
