c:\users\b.roessig\documents\ultra engine\projects\klwidgets_sandbox\libs\win64\scintilla.bsc
c:\users\b.roessig\documents\ultra engine\projects\klwidgets\scintilla\scintilla\win32\intermediates\x64\release\charclassify.sbr
c:\users\b.roessig\documents\ultra engine\projects\klwidgets\scintilla\scintilla\win32\intermediates\x64\release\charclassify.obj
c:\users\b.roessig\documents\ultra engine\projects\klwidgets\scintilla\scintilla\win32\intermediates\x64\release\editor.sbr
c:\users\b.roessig\documents\ultra engine\projects\klwidgets\scintilla\scintilla\win32\intermediates\x64\release\editor.obj
c:\users\b.roessig\documents\ultra engine\projects\klwidgets\scintilla\scintilla\win32\intermediates\x64\release\selection.sbr
c:\users\b.roessig\documents\ultra engine\projects\klwidgets\scintilla\scintilla\win32\intermediates\x64\release\selection.obj
c:\users\b.roessig\documents\ultra engine\projects\klwidgets\scintilla\scintilla\win32\intermediates\x64\release\scintillawin.sbr
c:\users\b.roessig\documents\ultra engine\projects\klwidgets\scintilla\scintilla\win32\intermediates\x64\release\scintillawin.obj
c:\users\b.roessig\documents\ultra engine\projects\klwidgets\scintilla\scintilla\win32\intermediates\x64\release\charactercategory.sbr
c:\users\b.roessig\documents\ultra engine\projects\klwidgets\scintilla\scintilla\win32\intermediates\x64\release\charactercategory.obj
c:\users\b.roessig\documents\ultra engine\projects\klwidgets\scintilla\scintilla\win32\intermediates\x64\release\dbcs.sbr
c:\users\b.roessig\documents\ultra engine\projects\klwidgets\scintilla\scintilla\win32\intermediates\x64\release\dbcs.obj
c:\users\b.roessig\documents\ultra engine\projects\klwidgets\scintilla\scintilla\win32\intermediates\x64\release\decoration.sbr
c:\users\b.roessig\documents\ultra engine\projects\klwidgets\scintilla\scintilla\win32\intermediates\x64\release\decoration.obj
c:\users\b.roessig\documents\ultra engine\projects\klwidgets\scintilla\scintilla\win32\intermediates\x64\release\marginview.sbr
c:\users\b.roessig\documents\ultra engine\projects\klwidgets\scintilla\scintilla\win32\intermediates\x64\release\marginview.obj
c:\users\b.roessig\documents\ultra engine\projects\klwidgets\scintilla\scintilla\win32\intermediates\x64\release\uniquestring.sbr
c:\users\b.roessig\documents\ultra engine\projects\klwidgets\scintilla\scintilla\win32\intermediates\x64\release\uniquestring.obj
c:\users\b.roessig\documents\ultra engine\projects\klwidgets\scintilla\scintilla\win32\intermediates\x64\release\casefolder.sbr
c:\users\b.roessig\documents\ultra engine\projects\klwidgets\scintilla\scintilla\win32\intermediates\x64\release\casefolder.obj
c:\users\b.roessig\documents\ultra engine\projects\klwidgets\scintilla\scintilla\win32\intermediates\x64\release\editmodel.sbr
c:\users\b.roessig\documents\ultra engine\projects\klwidgets\scintilla\scintilla\win32\intermediates\x64\release\editmodel.obj
c:\users\b.roessig\documents\ultra engine\projects\klwidgets\scintilla\scintilla\win32\intermediates\x64\release\positioncache.sbr
c:\users\b.roessig\documents\ultra engine\projects\klwidgets\scintilla\scintilla\win32\intermediates\x64\release\positioncache.obj
c:\users\b.roessig\documents\ultra engine\projects\klwidgets\scintilla\scintilla\win32\intermediates\x64\release\xpm.sbr
c:\users\b.roessig\documents\ultra engine\projects\klwidgets\scintilla\scintilla\win32\intermediates\x64\release\xpm.obj
c:\users\b.roessig\documents\ultra engine\projects\klwidgets\scintilla\scintilla\win32\intermediates\x64\release\characterset.sbr
c:\users\b.roessig\documents\ultra engine\projects\klwidgets\scintilla\scintilla\win32\intermediates\x64\release\characterset.obj
c:\users\b.roessig\documents\ultra engine\projects\klwidgets\scintilla\scintilla\win32\intermediates\x64\release\contractionstate.sbr
c:\users\b.roessig\documents\ultra engine\projects\klwidgets\scintilla\scintilla\win32\intermediates\x64\release\contractionstate.obj
c:\users\b.roessig\documents\ultra engine\projects\klwidgets\scintilla\scintilla\win32\intermediates\x64\release\keymap.sbr
c:\users\b.roessig\documents\ultra engine\projects\klwidgets\scintilla\scintilla\win32\intermediates\x64\release\keymap.obj
c:\users\b.roessig\documents\ultra engine\projects\klwidgets\scintilla\scintilla\win32\intermediates\x64\release\research.sbr
c:\users\b.roessig\documents\ultra engine\projects\klwidgets\scintilla\scintilla\win32\intermediates\x64\release\research.obj
c:\users\b.roessig\documents\ultra engine\projects\klwidgets\scintilla\scintilla\win32\intermediates\x64\release\viewstyle.sbr
c:\users\b.roessig\documents\ultra engine\projects\klwidgets\scintilla\scintilla\win32\intermediates\x64\release\viewstyle.obj
c:\users\b.roessig\documents\ultra engine\projects\klwidgets\scintilla\scintilla\win32\intermediates\x64\release\caseconvert.sbr
c:\users\b.roessig\documents\ultra engine\projects\klwidgets\scintilla\scintilla\win32\intermediates\x64\release\caseconvert.obj
c:\users\b.roessig\documents\ultra engine\projects\klwidgets\scintilla\scintilla\win32\intermediates\x64\release\document.sbr
c:\users\b.roessig\documents\ultra engine\projects\klwidgets\scintilla\scintilla\win32\intermediates\x64\release\document.obj
c:\users\b.roessig\documents\ultra engine\projects\klwidgets\scintilla\scintilla\win32\intermediates\x64\release\runstyles.sbr
c:\users\b.roessig\documents\ultra engine\projects\klwidgets\scintilla\scintilla\win32\intermediates\x64\release\runstyles.obj
c:\users\b.roessig\documents\ultra engine\projects\klwidgets\scintilla\scintilla\win32\intermediates\x64\release\hanjadic.sbr
c:\users\b.roessig\documents\ultra engine\projects\klwidgets\scintilla\scintilla\win32\intermediates\x64\release\hanjadic.obj
c:\users\b.roessig\documents\ultra engine\projects\klwidgets\scintilla\scintilla\win32\intermediates\x64\release\calltip.sbr
c:\users\b.roessig\documents\ultra engine\projects\klwidgets\scintilla\scintilla\win32\intermediates\x64\release\calltip.obj
c:\users\b.roessig\documents\ultra engine\projects\klwidgets\scintilla\scintilla\win32\intermediates\x64\release\editview.sbr
c:\users\b.roessig\documents\ultra engine\projects\klwidgets\scintilla\scintilla\win32\intermediates\x64\release\editview.obj
c:\users\b.roessig\documents\ultra engine\projects\klwidgets\scintilla\scintilla\win32\intermediates\x64\release\scintillabase.sbr
c:\users\b.roessig\documents\ultra engine\projects\klwidgets\scintilla\scintilla\win32\intermediates\x64\release\scintillabase.obj
c:\users\b.roessig\documents\ultra engine\projects\klwidgets\scintilla\scintilla\win32\intermediates\x64\release\autocomplete.sbr
c:\users\b.roessig\documents\ultra engine\projects\klwidgets\scintilla\scintilla\win32\intermediates\x64\release\autocomplete.obj
c:\users\b.roessig\documents\ultra engine\projects\klwidgets\scintilla\scintilla\win32\intermediates\x64\release\indicator.sbr
c:\users\b.roessig\documents\ultra engine\projects\klwidgets\scintilla\scintilla\win32\intermediates\x64\release\indicator.obj
c:\users\b.roessig\documents\ultra engine\projects\klwidgets\scintilla\scintilla\win32\intermediates\x64\release\perline.sbr
c:\users\b.roessig\documents\ultra engine\projects\klwidgets\scintilla\scintilla\win32\intermediates\x64\release\perline.obj
c:\users\b.roessig\documents\ultra engine\projects\klwidgets\scintilla\scintilla\win32\intermediates\x64\release\uniconversion.sbr
c:\users\b.roessig\documents\ultra engine\projects\klwidgets\scintilla\scintilla\win32\intermediates\x64\release\uniconversion.obj
c:\users\b.roessig\documents\ultra engine\projects\klwidgets\scintilla\scintilla\win32\intermediates\x64\release\scintilladll.sbr
c:\users\b.roessig\documents\ultra engine\projects\klwidgets\scintilla\scintilla\win32\intermediates\x64\release\scintilladll.obj
c:\users\b.roessig\documents\ultra engine\projects\klwidgets\scintilla\scintilla\win32\intermediates\x64\release\cellbuffer.sbr
c:\users\b.roessig\documents\ultra engine\projects\klwidgets\scintilla\scintilla\win32\intermediates\x64\release\cellbuffer.obj
c:\users\b.roessig\documents\ultra engine\projects\klwidgets\scintilla\scintilla\win32\intermediates\x64\release\geometry.sbr
c:\users\b.roessig\documents\ultra engine\projects\klwidgets\scintilla\scintilla\win32\intermediates\x64\release\geometry.obj
c:\users\b.roessig\documents\ultra engine\projects\klwidgets\scintilla\scintilla\win32\intermediates\x64\release\linemarker.sbr
c:\users\b.roessig\documents\ultra engine\projects\klwidgets\scintilla\scintilla\win32\intermediates\x64\release\linemarker.obj
c:\users\b.roessig\documents\ultra engine\projects\klwidgets\scintilla\scintilla\win32\intermediates\x64\release\style.sbr
c:\users\b.roessig\documents\ultra engine\projects\klwidgets\scintilla\scintilla\win32\intermediates\x64\release\style.obj
c:\users\b.roessig\documents\ultra engine\projects\klwidgets\scintilla\scintilla\win32\intermediates\x64\release\platwin.sbr
c:\users\b.roessig\documents\ultra engine\projects\klwidgets\scintilla\scintilla\win32\intermediates\x64\release\platwin.obj
c:\users\b.roessig\documents\ultra engine\projects\klwidgets_sandbox\libs\win64\scintilla.pdb
c:\users\b.roessig\documents\ultra engine\projects\klwidgets_sandbox\libs\win64\scintilla.lib
c:\users\b.roessig\documents\ultra engine\projects\klwidgets_sandbox\x64\release\scintilla.dll
c:\users\b.roessig\documents\ultra engine\projects\klwidgets\scintilla\scintilla\win32\intermediates\x64\release\scintilla.ipdb
c:\users\b.roessig\documents\ultra engine\projects\klwidgets\scintilla\scintilla\win32\intermediates\x64\release\scintilla.iobj
c:\users\b.roessig\documents\ultra engine\projects\klwidgets_sandbox\x64\release\scintilla.pdb
c:\users\b.roessig\documents\ultra engine\projects\klwidgets\scintilla\scintilla\win32\intermediates\x64\release\scintres.res
c:\users\b.roessig\documents\ultra engine\projects\klwidgets_sandbox\x64\release\scintilla.lib
c:\users\b.roessig\documents\ultra engine\projects\klwidgets_sandbox\x64\release\scintilla.exp
c:\users\b.roessig\documents\ultra engine\projects\klwidgets\scintilla\scintilla\win32\intermediates\x64\release\vc142.pdb
c:\users\b.roessig\documents\ultra engine\projects\klwidgets_sandbox\\libs\win64\scintilla.pdb
c:\users\b.roessig\documents\ultra engine\projects\klwidgets_sandbox\\libs\win64\scintilla.bsc
c:\users\b.roessig\documents\ultra engine\projects\klwidgets\scintilla\scintilla\win32\intermediates\x64\release\scintilla.tlog\bscmake.command.1.tlog
c:\users\b.roessig\documents\ultra engine\projects\klwidgets\scintilla\scintilla\win32\intermediates\x64\release\scintilla.tlog\bscmake.read.1.tlog
c:\users\b.roessig\documents\ultra engine\projects\klwidgets\scintilla\scintilla\win32\intermediates\x64\release\scintilla.tlog\bscmake.write.1.tlog
c:\users\b.roessig\documents\ultra engine\projects\klwidgets\scintilla\scintilla\win32\intermediates\x64\release\scintilla.tlog\cl.11184.write.1.tlog
c:\users\b.roessig\documents\ultra engine\projects\klwidgets\scintilla\scintilla\win32\intermediates\x64\release\scintilla.tlog\cl.command.1.tlog
c:\users\b.roessig\documents\ultra engine\projects\klwidgets\scintilla\scintilla\win32\intermediates\x64\release\scintilla.tlog\cl.read.1.tlog
c:\users\b.roessig\documents\ultra engine\projects\klwidgets\scintilla\scintilla\win32\intermediates\x64\release\scintilla.tlog\lib-link-cvtres.read.1.tlog
c:\users\b.roessig\documents\ultra engine\projects\klwidgets\scintilla\scintilla\win32\intermediates\x64\release\scintilla.tlog\lib-link-cvtres.write.1.tlog
c:\users\b.roessig\documents\ultra engine\projects\klwidgets\scintilla\scintilla\win32\intermediates\x64\release\scintilla.tlog\lib.command.1.tlog
c:\users\b.roessig\documents\ultra engine\projects\klwidgets\scintilla\scintilla\win32\intermediates\x64\release\scintilla.tlog\link.command.1.tlog
c:\users\b.roessig\documents\ultra engine\projects\klwidgets\scintilla\scintilla\win32\intermediates\x64\release\scintilla.tlog\link.read.1.tlog
c:\users\b.roessig\documents\ultra engine\projects\klwidgets\scintilla\scintilla\win32\intermediates\x64\release\scintilla.tlog\link.write.1.tlog
c:\users\b.roessig\documents\ultra engine\projects\klwidgets\scintilla\scintilla\win32\intermediates\x64\release\scintilla.tlog\rc.command.1.tlog
c:\users\b.roessig\documents\ultra engine\projects\klwidgets\scintilla\scintilla\win32\intermediates\x64\release\scintilla.tlog\rc.read.1.tlog
c:\users\b.roessig\documents\ultra engine\projects\klwidgets\scintilla\scintilla\win32\intermediates\x64\release\scintilla.tlog\rc.write.1.tlog
c:\users\b.roessig\documents\ultra engine\projects\klwidgets\scintilla\scintilla\win32\intermediates\x64\release\scintilla.tlog\scintilla.write.1u.tlog
